<?xml version="1.0" encoding="UTF-8"?>
<!-- Generated by org.testng.reporters.JUnitReportReporter -->
<testsuite hostname="DESKTOP-CFN2OV8" failures="0" tests="3" name="Day3_291123.DataProviderDemo" time="24.182" errors="0" timestamp="2023-12-12T20:24:55 IST" skipped="0">
  <testcase classname="Day3_291123.DataProviderDemo" name="searchPhones" time="6.158"/>
  <testcase classname="Day3_291123.DataProviderDemo" name="searchPhones" time="8.197"/>
  <testcase classname="Day3_291123.DataProviderDemo" name="searchPhones" time="9.827"/>
</testsuite> <!-- Day3_291123.DataProviderDemo -->
