<?xml version="1.0" encoding="UTF-8"?>
<!-- Generated by org.testng.reporters.JUnitReportReporter -->
<testsuite hostname="DESKTOP-CFN2OV8" failures="0" tests="3" name="Day6_51223.CrossBrowserTest" time="47.345" errors="0" timestamp="2023-12-13T20:59:42 IST" skipped="0">
  <testcase classname="Day6_51223.CrossBrowserTest" name="launchBrowser" time="23.366"/>
  <testcase classname="Day6_51223.CrossBrowserTest" name="launchBrowser" time="14.717"/>
  <testcase classname="Day6_51223.CrossBrowserTest" name="launchBrowser" time="9.262"/>
</testsuite> <!-- Day6_51223.CrossBrowserTest -->
