<?xml version="1.0" encoding="UTF-8"?>
<!-- Generated by org.testng.reporters.JUnitReportReporter -->
<testsuite hostname="DESKTOP-CFN2OV8" failures="0" tests="4" name="Day2_281123.OrangeHRM_Testing" time="24.804" errors="0" timestamp="2023-12-07T08:11:29 IST" skipped="0">
  <testcase classname="Day2_281123.OrangeHRM_Testing" name="LaunchBrowser" time="17.690"/>
  <testcase classname="Day2_281123.OrangeHRM_Testing" name="login" time="2.812"/>
  <testcase classname="Day2_281123.OrangeHRM_Testing" name="dashboard" time="0.325"/>
  <testcase classname="Day2_281123.OrangeHRM_Testing" name="logout" time="3.977"/>
</testsuite> <!-- Day2_281123.OrangeHRM_Testing -->
