<?xml version="1.0" encoding="UTF-8"?>
<!-- Generated by org.testng.reporters.JUnitReportReporter -->
<testsuite hostname="DESKTOP-CFN2OV8" failures="0" tests="1" name="Day3_291123.Parent" time="13.185" errors="0" timestamp="2023-12-12T20:12:56 IST" skipped="0">
  <testcase classname="Day3_291123.Parent" name="launchBrowser" time="13.185"/>
</testsuite> <!-- Day3_291123.Parent -->
