<?xml version="1.0" encoding="UTF-8"?>
<!-- Generated by org.testng.reporters.JUnitReportReporter -->
<testsuite hostname="DESKTOP-CFN2OV8" failures="0" tests="3" name="Day3_291123.DependsOnDemo" time="23.931" errors="0" timestamp="2023-12-12T20:12:56 IST" skipped="0">
  <testcase classname="Day3_291123.DependsOnDemo" name="launchBrowser" time="17.903"/>
  <testcase classname="Day3_291123.DependsOnDemo" name="login" time="2.413"/>
  <testcase classname="Day3_291123.DependsOnDemo" name="logout" time="3.615"/>
</testsuite> <!-- Day3_291123.DependsOnDemo -->
