<?xml version="1.0" encoding="UTF-8"?>
<!-- Generated by org.testng.reporters.JUnitReportReporter -->
<testsuite hostname="DESKTOP-CFN2OV8" failures="0" tests="10" name="Day4_11223.GroupsDemo" time="0.056" errors="0" timestamp="2023-12-12T22:06:22 IST" skipped="0">
  <testcase classname="Day4_11223.GroupsDemo" name="testMethod1" time="0.020"/>
  <testcase classname="Day4_11223.GroupsDemo" name="testMethod2" time="0.002"/>
  <testcase classname="Day4_11223.GroupsDemo" name="testMethod3" time="0.003"/>
  <testcase classname="Day4_11223.GroupsDemo" name="testMethod4" time="0.003"/>
  <testcase classname="Day4_11223.GroupsDemo" name="testMethod5" time="0.006"/>
  <testcase classname="Day4_11223.GroupsDemo" name="testMethod6" time="0.006"/>
  <testcase classname="Day4_11223.GroupsDemo" name="testMethod7" time="0.005"/>
  <testcase classname="Day4_11223.GroupsDemo" name="testMethod8" time="0.002"/>
  <testcase classname="Day4_11223.GroupsDemo" name="testMethod9" time="0.007"/>
  <testcase classname="Day4_11223.GroupsDemo" name="testMethod10" time="0.002"/>
</testsuite> <!-- Day4_11223.GroupsDemo -->
