<?xml version="1.0" encoding="UTF-8"?>
<!-- Generated by org.testng.reporters.JUnitReportReporter -->
<testsuite hostname="DESKTOP-CFN2OV8" failures="0" tests="2" name="Day1_271123.AnnotationDemo" time="0.026" errors="0" timestamp="2023-12-05T22:17:26 IST" skipped="0">
  <testcase classname="Day1_271123.AnnotationDemo" name="Test2" time="0.007"/>
  <testcase classname="Day1_271123.AnnotationDemo" name="Test1" time="0.019"/>
</testsuite> <!-- Day1_271123.AnnotationDemo -->
